<?xml version="1.0" encoding="UTF-8"?>
<!-- Generated by org.testng.reporters.JUnitReportReporter -->
<testsuite hostname="DESKTOP-SHIVASHANKAR" failures="0" tests="1" name="Com.Sprint2.test.SelectCityTest" time="166.699" errors="0" timestamp="2024-03-05T17:26:25 IST" skipped="0">
  <testcase classname="Com.Sprint2.test.SelectCityTest" name="SelectCityVerify" time="166.699"/>
</testsuite> <!-- Com.Sprint2.test.SelectCityTest -->
