<?xml version="1.0" encoding="UTF-8"?>
<!-- Generated by org.testng.reporters.JUnitReportReporter -->
<testsuite hostname="DESKTOP-SHIVASHANKAR" failures="0" tests="1" name="Com.HomePageTest.PageTitleTest" time="0.029" errors="0" timestamp="2024-06-06T11:49:22 IST" skipped="0">
  <testcase classname="Com.HomePageTest.PageTitleTest" name="PageTitle" time="0.029"/>
</testsuite> <!-- Com.HomePageTest.PageTitleTest -->
