<?xml version="1.0" encoding="UTF-8"?>
<!-- Generated by org.testng.reporters.JUnitReportReporter -->
<testsuite hostname="DESKTOP-SHIVASHANKAR" failures="0" tests="1" name="FilterModuleTest.FilterPageTest" time="82.307" errors="0" timestamp="2024-03-05T17:26:25 IST" skipped="0">
  <testcase classname="FilterModuleTest.FilterPageTest" name="Filter" time="82.307"/>
</testsuite> <!-- FilterModuleTest.FilterPageTest -->
