<?xml version="1.0" encoding="UTF-8"?>
<!-- Generated by org.testng.reporters.JUnitReportReporter -->
<testsuite hostname="DESKTOP-SHIVASHANKAR" failures="0" tests="4" name="Com.TrusteeModuleTest.SellerStatus_PendingGoldDepositsPageTest" time="20.147" errors="0" timestamp="2024-05-30T17:53:48 IST" skipped="0">
  <testcase classname="Com.TrusteeModuleTest.SellerStatus_PendingGoldDepositsPageTest" name="VerifyCommissionEarnedDsipaly" time="13.935"/>
  <testcase classname="Com.TrusteeModuleTest.SellerStatus_PendingGoldDepositsPageTest" name="Verifypreviousandnextbuttons" time="2.086"/>
  <testcase classname="Com.TrusteeModuleTest.SellerStatus_PendingGoldDepositsPageTest" name="AllTextDisplay" time="2.055"/>
  <testcase classname="Com.TrusteeModuleTest.SellerStatus_PendingGoldDepositsPageTest" name="NoProductDisplay" time="2.071"/>
</testsuite> <!-- Com.TrusteeModuleTest.SellerStatus_PendingGoldDepositsPageTest -->
