<?xml version="1.0" encoding="UTF-8"?>
<!-- Generated by org.testng.reporters.JUnitReportReporter -->
<testsuite hostname="DESKTOP-SHIVASHANKAR" failures="0" tests="4" name="Com.TrusteeModuleTest.BuyerStatus_DeliveredProductsPageTest" time="20.048" errors="0" timestamp="2024-05-30T13:06:26 IST" skipped="0">
  <testcase classname="Com.TrusteeModuleTest.BuyerStatus_DeliveredProductsPageTest" name="VerifyCommissionEarnedDsipaly" time="13.814"/>
  <testcase classname="Com.TrusteeModuleTest.BuyerStatus_DeliveredProductsPageTest" name="Verifypreviousandnextbuttons" time="2.089"/>
  <testcase classname="Com.TrusteeModuleTest.BuyerStatus_DeliveredProductsPageTest" name="AllTextDisplay" time="2.081"/>
  <testcase classname="Com.TrusteeModuleTest.BuyerStatus_DeliveredProductsPageTest" name="NoProductDisplay" time="2.064"/>
</testsuite> <!-- Com.TrusteeModuleTest.BuyerStatus_DeliveredProductsPageTest -->
