<?xml version="1.0" encoding="UTF-8"?>
<!-- Generated by org.testng.reporters.JUnitReportReporter -->
<testsuite hostname="DESKTOP-SHIVASHANKAR" failures="0" tests="19" name="Com.ValuerModuleTest.DashBoardPageTest" time="44.832" errors="0" timestamp="2024-05-10T17:14:00 IST" skipped="0">
  <testcase classname="Com.ValuerModuleTest.DashBoardPageTest" name="VerifylogoDisplay" time="1.090"/>
  <testcase classname="Com.ValuerModuleTest.DashBoardPageTest" name="VerifyLogoutButtonDisplay" time="4.339"/>
  <testcase classname="Com.ValuerModuleTest.DashBoardPageTest" name="VerifyLivepriceDisplay" time="2.698"/>
  <testcase classname="Com.ValuerModuleTest.DashBoardPageTest" name="VerifyDashBoardTextDisplay" time="2.201"/>
  <testcase classname="Com.ValuerModuleTest.DashBoardPageTest" name="VerifyDashboardProductDisplay" time="2.155"/>
  <testcase classname="Com.ValuerModuleTest.DashBoardPageTest" name="VerifyPendingProductDisplay" time="2.204"/>
  <testcase classname="Com.ValuerModuleTest.DashBoardPageTest" name="VerifyacceptedProductDisplay" time="2.191"/>
  <testcase classname="Com.ValuerModuleTest.DashBoardPageTest" name="VerifyrejectedProductDisplay" time="2.211"/>
  <testcase classname="Com.ValuerModuleTest.DashBoardPageTest" name="VerifycommissionDisplay" time="2.194"/>
  <testcase classname="Com.ValuerModuleTest.DashBoardPageTest" name="VerifyTicketStatusDisplay" time="2.215"/>
  <testcase classname="Com.ValuerModuleTest.DashBoardPageTest" name="VerifyRaiseTicketDisplay" time="2.191"/>
  <testcase classname="Com.ValuerModuleTest.DashBoardPageTest" name="verifyDashboardProductClickable" time="2.128"/>
  <testcase classname="Com.ValuerModuleTest.DashBoardPageTest" name="verifyPendingProductClickable" time="2.112"/>
  <testcase classname="Com.ValuerModuleTest.DashBoardPageTest" name="verifyAcceptedProductsClickable" time="2.135"/>
  <testcase classname="Com.ValuerModuleTest.DashBoardPageTest" name="verifyRejectedProductClickable" time="2.150"/>
  <testcase classname="Com.ValuerModuleTest.DashBoardPageTest" name="verifyRaiseTicketClickable" time="2.147"/>
  <testcase classname="Com.ValuerModuleTest.DashBoardPageTest" name="verifyTicketStatusClickable" time="2.132"/>
  <testcase classname="Com.ValuerModuleTest.DashBoardPageTest" name="verifyCommissionClickable" time="2.140"/>
  <testcase classname="Com.ValuerModuleTest.DashBoardPageTest" name="verifySideMenuButtonclickable" time="4.199"/>
</testsuite> <!-- Com.ValuerModuleTest.DashBoardPageTest -->
