<?xml version="1.0" encoding="UTF-8"?>
<!-- Generated by org.testng.reporters.JUnitReportReporter -->
<testsuite hostname="DESKTOP-SHIVASHANKAR" failures="0" tests="1" name="Com.NavBarModuleTest.BanglesPageTest" time="0.021" errors="0" timestamp="2024-06-06T12:28:32 IST" skipped="0">
  <testcase classname="Com.NavBarModuleTest.BanglesPageTest" name="BraceletsProductclickalble" time="0.021"/>
</testsuite> <!-- Com.NavBarModuleTest.BanglesPageTest -->
