<?xml version="1.0" encoding="UTF-8"?>
<!-- Generated by org.testng.reporters.JUnitReportReporter -->
<testsuite hostname="DESKTOP-SHIVASHANKAR" failures="0" tests="2" name="com.HomePage.CrossBrowserPage" time="14.612" errors="0" timestamp="2024-02-26T12:51:08 IST" skipped="0">
  <testcase classname="com.HomePage.CrossBrowserPage" name="testApplication" time="8.624"/>
  <testcase classname="com.HomePage.CrossBrowserPage" name="testApplication" time="5.988"/>
</testsuite> <!-- com.HomePage.CrossBrowserPage -->
