<?xml version="1.0" encoding="UTF-8"?>
<!-- Generated by org.testng.reporters.JUnitReportReporter -->
<testsuite hostname="DESKTOP-SHIVASHANKAR" failures="0" tests="1" name="Com.Sprint2.test.NecklaceImgPageTest" time="27.309" errors="0" timestamp="2024-03-06T12:24:05 IST" skipped="0">
  <testcase classname="Com.Sprint2.test.NecklaceImgPageTest" name="VerifyNecklaceImgDetails" time="27.309"/>
</testsuite> <!-- Com.Sprint2.test.NecklaceImgPageTest -->
