<?xml version="1.0" encoding="UTF-8"?>
<!-- Generated by org.testng.reporters.JUnitReportReporter -->
<testsuite hostname="DESKTOP-SHIVASHANKAR" failures="0" tests="5" name="Com.TrusteeModuleTest.TicketStatusPageTest" time="18.050" errors="0" timestamp="2024-05-20T14:20:44 IST" skipped="0">
  <testcase classname="Com.TrusteeModuleTest.TicketStatusPageTest" name="testNoDataFoundVisibility" time="9.751"/>
  <testcase classname="Com.TrusteeModuleTest.TicketStatusPageTest" name="testTableTextVisibility" time="2.093"/>
  <testcase classname="Com.TrusteeModuleTest.TicketStatusPageTest" name="testRaisedTicketsTextVisibility" time="2.086"/>
  <testcase classname="Com.TrusteeModuleTest.TicketStatusPageTest" name="testPreviousAndNextVisibility" time="2.067"/>
  <testcase classname="Com.TrusteeModuleTest.TicketStatusPageTest" name="testSearchButtonVisibility" time="2.053"/>
</testsuite> <!-- Com.TrusteeModuleTest.TicketStatusPageTest -->
