<?xml version="1.0" encoding="UTF-8"?>
<!-- Generated by org.testng.reporters.JUnitReportReporter -->
<testsuite hostname="DESKTOP-SHIVASHANKAR" failures="0" tests="1" name="Com.NotificationPageTest.NotificationpageTest" time="12.749" errors="0" timestamp="2024-06-06T12:40:48 IST" skipped="0">
  <testcase classname="Com.NotificationPageTest.NotificationpageTest" name="VerifyNotificationPage" time="12.749"/>
</testsuite> <!-- Com.NotificationPageTest.NotificationpageTest -->
