<?xml version="1.0" encoding="UTF-8"?>
<!-- Generated by org.testng.reporters.JUnitReportReporter -->
<testsuite hostname="DESKTOP-SHIVASHANKAR" failures="0" tests="1" name="Com.FilterModulePageTest.FilterPageTest" time="82.772" errors="0" timestamp="2024-04-26T14:14:24 IST" skipped="0">
  <testcase classname="Com.FilterModulePageTest.FilterPageTest" name="VerifyFilter" time="82.772"/>
</testsuite> <!-- Com.FilterModulePageTest.FilterPageTest -->
