<?xml version="1.0" encoding="UTF-8"?>
<!-- Generated by org.testng.reporters.JUnitReportReporter -->
<testsuite hostname="DESKTOP-SHIVASHANKAR" failures="0" tests="19" name="Com.ValuerModuleTest.DashBoardPageTest" time="53.597" errors="0" timestamp="2024-06-24T13:03:10 IST" skipped="0">
  <testcase classname="Com.ValuerModuleTest.DashBoardPageTest" name="VerifylogoDisplay" time="9.866"/>
  <testcase classname="Com.ValuerModuleTest.DashBoardPageTest" name="VerifyLogoutButtonDisplay" time="4.336"/>
  <testcase classname="Com.ValuerModuleTest.DashBoardPageTest" name="VerifyLivepriceDisplay" time="2.461"/>
  <testcase classname="Com.ValuerModuleTest.DashBoardPageTest" name="VerifyDashBoardTextDisplay" time="2.218"/>
  <testcase classname="Com.ValuerModuleTest.DashBoardPageTest" name="VerifyDashboardProductDisplay" time="2.243"/>
  <testcase classname="Com.ValuerModuleTest.DashBoardPageTest" name="VerifyPendingProductDisplay" time="2.145"/>
  <testcase classname="Com.ValuerModuleTest.DashBoardPageTest" name="VerifyacceptedProductDisplay" time="2.220"/>
  <testcase classname="Com.ValuerModuleTest.DashBoardPageTest" name="VerifyrejectedProductDisplay" time="2.214"/>
  <testcase classname="Com.ValuerModuleTest.DashBoardPageTest" name="VerifycommissionDisplay" time="2.193"/>
  <testcase classname="Com.ValuerModuleTest.DashBoardPageTest" name="VerifyTicketStatusDisplay" time="2.248"/>
  <testcase classname="Com.ValuerModuleTest.DashBoardPageTest" name="VerifyRaiseTicketDisplay" time="2.172"/>
  <testcase classname="Com.ValuerModuleTest.DashBoardPageTest" name="verifyDashboardProductClickable" time="2.144"/>
  <testcase classname="Com.ValuerModuleTest.DashBoardPageTest" name="verifyPendingProductClickable" time="2.166"/>
  <testcase classname="Com.ValuerModuleTest.DashBoardPageTest" name="verifyAcceptedProductsClickable" time="2.124"/>
  <testcase classname="Com.ValuerModuleTest.DashBoardPageTest" name="verifyRejectedProductClickable" time="2.129"/>
  <testcase classname="Com.ValuerModuleTest.DashBoardPageTest" name="verifyRaiseTicketClickable" time="2.163"/>
  <testcase classname="Com.ValuerModuleTest.DashBoardPageTest" name="verifyTicketStatusClickable" time="2.146"/>
  <testcase classname="Com.ValuerModuleTest.DashBoardPageTest" name="verifyCommissionClickable" time="2.175"/>
  <testcase classname="Com.ValuerModuleTest.DashBoardPageTest" name="verifySideMenuButtonclickable" time="4.234"/>
</testsuite> <!-- Com.ValuerModuleTest.DashBoardPageTest -->
