<?xml version="1.0" encoding="UTF-8"?>
<!-- Generated by org.testng.reporters.JUnitReportReporter -->
<testsuite hostname="DESKTOP-SHIVASHANKAR" failures="0" tests="5" name="Com.HomePageTest.HomePageTest" time="0.919" errors="0" timestamp="2024-06-26T15:01:17 IST" skipped="0">
  <testcase classname="Com.HomePageTest.HomePageTest" name="validateWebElementPresentinthepage" time="0.183"/>
  <testcase classname="Com.HomePageTest.HomePageTest" name="ValidateNavBarDisplay" time="0.376"/>
  <testcase classname="Com.HomePageTest.HomePageTest" name="validateSellNowButtonDetails" time="0.136"/>
  <testcase classname="Com.HomePageTest.HomePageTest" name="validateReset_buttonDeatils" time="0.116"/>
  <testcase classname="Com.HomePageTest.HomePageTest" name="validateNotification_buttonDeatils" time="0.108"/>
</testsuite> <!-- Com.HomePageTest.HomePageTest -->
