<?xml version="1.0" encoding="UTF-8"?>
<!-- Generated by org.testng.reporters.JUnitReportReporter -->
<testsuite hostname="DESKTOP-SHIVASHANKAR" failures="0" tests="1" name="Com.PageNavigationTest.PageNavigationTest" time="108.296" errors="0" timestamp="2024-04-26T14:20:33 IST" skipped="0">
  <testcase classname="Com.PageNavigationTest.PageNavigationTest" name="AllPageNavigationTest" time="108.296"/>
</testsuite> <!-- Com.PageNavigationTest.PageNavigationTest -->
