<?xml version="1.0" encoding="UTF-8"?>
<!-- Generated by org.testng.reporters.JUnitReportReporter -->
<testsuite hostname="DESKTOP-SHIVASHANKAR" failures="0" tests="6" name="Com.ValuerModuleTest.Valuer_Login_PageTest" time="19.911" errors="0" timestamp="2024-06-24T12:48:32 IST" skipped="0">
  <testcase classname="Com.ValuerModuleTest.Valuer_Login_PageTest" name="VerifyLoginWithYourPhoneNumberDisplay" time="2.241"/>
  <testcase classname="Com.ValuerModuleTest.Valuer_Login_PageTest" name="VerifyEmptyMobileNumberFields" time="2.186"/>
  <testcase classname="Com.ValuerModuleTest.Valuer_Login_PageTest" name="VerifyLoginWithInvalidCredentials" time="6.349"/>
  <testcase classname="Com.ValuerModuleTest.Valuer_Login_PageTest" name="testLogoDisplay" time="2.054"/>
  <testcase classname="Com.ValuerModuleTest.Valuer_Login_PageTest" name="testButtonClickability" time="2.026"/>
  <testcase classname="Com.ValuerModuleTest.Valuer_Login_PageTest" name="VerifyLoginWithValidateData" time="5.055"/>
</testsuite> <!-- Com.ValuerModuleTest.Valuer_Login_PageTest -->
