<?xml version="1.0" encoding="UTF-8"?>
<!-- Generated by org.testng.reporters.JUnitReportReporter -->
<testsuite hostname="DESKTOP-SHIVASHANKAR" failures="0" tests="1" name="Com.HomePageTest.SearchFunctionalitypageTest" time="108.334" errors="0" timestamp="2024-03-06T13:13:32 IST" skipped="0">
  <testcase classname="Com.HomePageTest.SearchFunctionalitypageTest" name="validateSearchFucntionality" time="108.334"/>
</testsuite> <!-- Com.HomePageTest.SearchFunctionalitypageTest -->
