<?xml version="1.0" encoding="UTF-8"?>
<!-- Generated by org.testng.reporters.JUnitReportReporter -->
<testsuite hostname="DESKTOP-SHIVASHANKAR" failures="0" tests="6" name="Com.ValuerModuleTest.RejectedProductsPageTest" time="14.622" errors="0" timestamp="2024-05-15T15:43:18 IST" skipped="0">
  <testcase classname="Com.ValuerModuleTest.RejectedProductsPageTest" name="testTableTextVisibility" time="4.189"/>
  <testcase classname="Com.ValuerModuleTest.RejectedProductsPageTest" name="testNoProductFoundVisibility" time="2.072"/>
  <testcase classname="Com.ValuerModuleTest.RejectedProductsPageTest" name="testPreviousAndNextVisibility" time="2.045"/>
  <testcase classname="Com.ValuerModuleTest.RejectedProductsPageTest" name="testTillNowRejectedProductsTextVisibility" time="2.027"/>
  <testcase classname="Com.ValuerModuleTest.RejectedProductsPageTest" name="testSerchButtonVisibility" time="2.074"/>
  <testcase classname="Com.ValuerModuleTest.RejectedProductsPageTest" name="testsearchButtonEnterData" time="2.215"/>
</testsuite> <!-- Com.ValuerModuleTest.RejectedProductsPageTest -->
