<?xml version="1.0" encoding="UTF-8"?>
<!-- Generated by org.testng.reporters.JUnitReportReporter -->
<testsuite hostname="DESKTOP-SHIVASHANKAR" failures="0" tests="1" name="Com.NotificationPageTest.NotificationpageTest" time="12.363" errors="0" timestamp="2024-03-05T17:26:25 IST" skipped="0">
  <testcase classname="Com.NotificationPageTest.NotificationpageTest" name="VerifyNotificationPage" time="12.363"/>
</testsuite> <!-- Com.NotificationPageTest.NotificationpageTest -->
