<?xml version="1.0" encoding="UTF-8"?>
<!-- Generated by org.testng.reporters.JUnitReportReporter -->
<testsuite hostname="DESKTOP-SHIVASHANKAR" failures="0" tests="5" name="Com.ValuerModuleTest.RaiseTicketPageTest" time="13.071" errors="0" timestamp="2024-05-15T15:43:18 IST" skipped="0">
  <testcase classname="Com.ValuerModuleTest.RaiseTicketPageTest" name="SubmitbuttonDisplay" time="2.195"/>
  <testcase classname="Com.ValuerModuleTest.RaiseTicketPageTest" name="ReportanIssueDisplay" time="2.202"/>
  <testcase classname="Com.ValuerModuleTest.RaiseTicketPageTest" name="TextBoxDisplay" time="2.146"/>
  <testcase classname="Com.ValuerModuleTest.RaiseTicketPageTest" name="VerifyLessThen30CharErrormsgdisplay" time="4.331"/>
  <testcase classname="Com.ValuerModuleTest.RaiseTicketPageTest" name="submitbuttonenabled30char" time="2.197"/>
</testsuite> <!-- Com.ValuerModuleTest.RaiseTicketPageTest -->
