<?xml version="1.0" encoding="UTF-8"?>
<!-- Generated by org.testng.reporters.JUnitReportReporter -->
<testsuite hostname="DESKTOP-SHIVASHANKAR" failures="0" tests="3" name="com.ValuerModule.TestNGDataProvider" time="0.010" errors="0" timestamp="2024-05-16T14:15:46 IST" skipped="0">
  <testcase classname="com.ValuerModule.TestNGDataProvider" name="testmethod" time="0.001"/>
  <testcase classname="com.ValuerModule.TestNGDataProvider" name="testmethod" time="0.008"/>
  <testcase classname="com.ValuerModule.TestNGDataProvider" name="testmethod" time="0.001"/>
</testsuite> <!-- com.ValuerModule.TestNGDataProvider -->
