<?xml version="1.0" encoding="UTF-8"?>
<!-- Generated by org.testng.reporters.JUnitReportReporter -->
<testsuite hostname="DESKTOP-SHIVASHANKAR" failures="0" tests="6" name="Com.ValuerModuleTest.AcceptedproductsPageTest" time="13.372" errors="0" timestamp="2024-06-24T12:48:32 IST" skipped="1">
  <testcase classname="Com.ValuerModuleTest.AcceptedproductsPageTest" name="VerifyTillNowAcceptedProdustsTextDisplay" time="3.095"/>
  <testcase classname="Com.ValuerModuleTest.AcceptedproductsPageTest" name="Verifyproductsaredisplayedinthepending" time="0.021"/>
  <testcase classname="Com.ValuerModuleTest.AcceptedproductsPageTest" name="Verifypreviousandnextbuttonsaredisplayed" time="2.076"/>
  <testcase classname="Com.ValuerModuleTest.AcceptedproductsPageTest" name="Verifysearchbuttonisdisplayed" time="3.075"/>
  <testcase classname="Com.ValuerModuleTest.AcceptedproductsPageTest" name="verifyTableTextDsiplay" time="5.105"/>
  <testcase classname="Com.ValuerModuleTest.AcceptedproductsPageTest" name="Verifysearchbuttonworkscorrectlyandfiltersproducts">
    <skipped/>
  </testcase> <!-- Verifysearchbuttonworkscorrectlyandfiltersproducts -->
</testsuite> <!-- Com.ValuerModuleTest.AcceptedproductsPageTest -->
