<?xml version="1.0" encoding="UTF-8"?>
<!-- Generated by org.testng.reporters.JUnitReportReporter -->
<testsuite hostname="DESKTOP-SHIVASHANKAR" failures="0" tests="1" name="Com.BaseModule.LaunchBrowserValuer" time="9.550" errors="0" timestamp="2024-06-24T12:43:22 IST" skipped="0">
  <testcase classname="Com.BaseModule.LaunchBrowserValuer" name="setup" time="9.550"/>
</testsuite> <!-- Com.BaseModule.LaunchBrowserValuer -->
