<?xml version="1.0" encoding="UTF-8"?>
<!-- Generated by org.testng.reporters.JUnitReportReporter -->
<testsuite hostname="DESKTOP-SHIVASHANKAR" failures="0" tests="4" name="Com.ValuerModuleTest.PendingProductsPageTest" time="10.282" errors="0" timestamp="2024-05-15T15:43:18 IST" skipped="0">
  <testcase classname="Com.ValuerModuleTest.PendingProductsPageTest" name="testWaitingForApprovalVisibility" time="4.087"/>
  <testcase classname="Com.ValuerModuleTest.PendingProductsPageTest" name="testTableTextVisibility" time="2.060"/>
  <testcase classname="Com.ValuerModuleTest.PendingProductsPageTest" name="testPreviousAndNextVisibility" time="2.078"/>
  <testcase classname="Com.ValuerModuleTest.PendingProductsPageTest" name="testNoProductFoundVisibility" time="2.057"/>
</testsuite> <!-- Com.ValuerModuleTest.PendingProductsPageTest -->
