<?xml version="1.0" encoding="UTF-8"?>
<!-- Generated by org.testng.reporters.JUnitReportReporter -->
<testsuite hostname="DESKTOP-SHIVASHANKAR" failures="0" tests="1" name="Com.LoginPageTest.LoginPageTest" time="31.570" errors="0" timestamp="2024-05-03T09:49:55 IST" skipped="0">
  <testcase classname="Com.LoginPageTest.LoginPageTest" name="validatalogout" time="31.570"/>
</testsuite> <!-- Com.LoginPageTest.LoginPageTest -->
