<?xml version="1.0" encoding="UTF-8"?>
<!-- Generated by org.testng.reporters.JUnitReportReporter -->
<testsuite hostname="DESKTOP-SHIVASHANKAR" failures="0" tests="2" name="com.HomePage.CrossBrowserPage" time="25.929" errors="0" timestamp="2024-02-19T12:46:21 IST" skipped="0">
  <testcase classname="com.HomePage.CrossBrowserPage" name="testApplication" time="7.274"/>
  <testcase classname="com.HomePage.CrossBrowserPage" name="testApplication" time="18.655"/>
</testsuite> <!-- com.HomePage.CrossBrowserPage -->
