<?xml version="1.0" encoding="UTF-8"?>
<!-- Generated by org.testng.reporters.JUnitReportReporter -->
<testsuite hostname="DESKTOP-SHIVASHANKAR" failures="0" tests="1" name="Com.Sprint2.test.NosePinsImgesPageTest" time="25.224" errors="0" timestamp="2024-03-06T12:37:45 IST" skipped="0">
  <testcase classname="Com.Sprint2.test.NosePinsImgesPageTest" name="VerifyNosePinsImgDetails" time="25.224"/>
</testsuite> <!-- Com.Sprint2.test.NosePinsImgesPageTest -->
