<?xml version="1.0" encoding="UTF-8"?>
<!-- Generated by org.testng.reporters.JUnitReportReporter -->
<testsuite hostname="DESKTOP-SHIVASHANKAR" failures="0" tests="2" name="Com.NavBarModuleTest.BanglesPageTest" time="15.592" errors="0" timestamp="2024-03-06T13:02:29 IST" skipped="0">
  <testcase classname="Com.NavBarModuleTest.BanglesPageTest" name="BraceletsProductTest" time="5.435"/>
  <testcase classname="Com.NavBarModuleTest.BanglesPageTest" name="BraceletsProductclickalble" time="10.157"/>
</testsuite> <!-- Com.NavBarModuleTest.BanglesPageTest -->
