<?xml version="1.0" encoding="UTF-8"?>
<!-- Generated by org.testng.reporters.JUnitReportReporter -->
<testsuite hostname="DESKTOP-SHIVASHANKAR" failures="0" tests="2" name="TestNG.TestNG_Parameterization" time="0.009" errors="0" timestamp="2024-05-16T13:10:55 IST" skipped="0">
  <testcase classname="TestNG.TestNG_Parameterization" name="TestCaseOne" time="0.008"/>
  <testcase classname="TestNG.TestNG_Parameterization" name="TestCaseTwo" time="0.001"/>
</testsuite> <!-- TestNG.TestNG_Parameterization -->
