<?xml version="1.0" encoding="UTF-8"?>
<!-- Generated by org.testng.reporters.JUnitReportReporter -->
<testsuite hostname="DESKTOP-SHIVASHANKAR" failures="0" tests="5" name="Com.ValuerModuleTest.RaiseTicketPageTest" time="13.073" errors="0" timestamp="2024-06-24T12:48:32 IST" skipped="0">
  <testcase classname="Com.ValuerModuleTest.RaiseTicketPageTest" name="SubmitbuttonDisplay" time="2.236"/>
  <testcase classname="Com.ValuerModuleTest.RaiseTicketPageTest" name="ReportanIssueDisplay" time="2.189"/>
  <testcase classname="Com.ValuerModuleTest.RaiseTicketPageTest" name="TextBoxDisplay" time="2.085"/>
  <testcase classname="Com.ValuerModuleTest.RaiseTicketPageTest" name="VerifyLessThen30CharErrormsgdisplay" time="4.313"/>
  <testcase classname="Com.ValuerModuleTest.RaiseTicketPageTest" name="submitbuttonenabled30char" time="2.250"/>
</testsuite> <!-- Com.ValuerModuleTest.RaiseTicketPageTest -->
