<?xml version="1.0" encoding="UTF-8"?>
<!-- Generated by org.testng.reporters.JUnitReportReporter -->
<testsuite hostname="DESKTOP-SHIVASHANKAR" failures="0" tests="1" name="Com.ValuerModuleTest.Valuer_Login_Test" time="4.605" errors="0" timestamp="2024-04-20T12:26:02 IST" skipped="0">
  <testcase classname="Com.ValuerModuleTest.Valuer_Login_Test" name="VerifyLoginWithValidateData" time="4.605"/>
</testsuite> <!-- Com.ValuerModuleTest.Valuer_Login_Test -->
