<?xml version="1.0" encoding="UTF-8"?>
<!-- Generated by org.testng.reporters.JUnitReportReporter -->
<testsuite hostname="DESKTOP-SHIVASHANKAR" failures="0" tests="1" name="Com.HomePageTest.NavigationFlowAboutPageTest" time="8.925" errors="0" timestamp="2024-03-07T09:50:44 IST" skipped="0">
  <testcase classname="Com.HomePageTest.NavigationFlowAboutPageTest" name="aboutpage" time="8.925"/>
</testsuite> <!-- Com.HomePageTest.NavigationFlowAboutPageTest -->
