<?xml version="1.0" encoding="UTF-8"?>
<!-- Generated by org.testng.reporters.JUnitReportReporter -->
<testsuite hostname="DESKTOP-SHIVASHANKAR" failures="0" tests="1" name="Com.HomePageTest.NavigationFlowAboutPageTest" time="12.302" errors="0" timestamp="2024-06-06T11:51:37 IST" skipped="0">
  <testcase classname="Com.HomePageTest.NavigationFlowAboutPageTest" name="aboutpage" time="12.302"/>
</testsuite> <!-- Com.HomePageTest.NavigationFlowAboutPageTest -->
