<?xml version="1.0" encoding="UTF-8"?>
<!-- Generated by org.testng.reporters.JUnitReportReporter -->
<testsuite hostname="DESKTOP-SHIVASHANKAR" failures="0" tests="1" name="Com.FilterModulePageTest.FilterPageTest" time="84.516" errors="0" timestamp="2024-06-11T14:22:20 IST" skipped="0">
  <testcase classname="Com.FilterModulePageTest.FilterPageTest" name="VerifyFilter" time="84.516"/>
</testsuite> <!-- Com.FilterModulePageTest.FilterPageTest -->
