<?xml version="1.0" encoding="UTF-8"?>
<!-- Generated by org.testng.reporters.JUnitReportReporter -->
<testsuite hostname="DESKTOP-SHIVASHANKAR" failures="0" tests="1" name="SellNowModule.EmptyInputValidationTest" time="25.789" errors="0" timestamp="2024-02-19T12:33:12 IST" skipped="0">
  <testcase classname="SellNowModule.EmptyInputValidationTest" name="validatationpersonalInformationEmpty" time="25.789"/>
</testsuite> <!-- SellNowModule.EmptyInputValidationTest -->
