<?xml version="1.0" encoding="UTF-8"?>
<!-- Generated by org.testng.reporters.JUnitReportReporter -->
<testsuite hostname="DESKTOP-SHIVASHANKAR" failures="0" tests="6" name="Com.TrusteeModuleTest.Trustee_Login_Test" time="20.356" errors="0" timestamp="2024-05-15T15:43:18 IST" skipped="0">
  <testcase classname="Com.TrusteeModuleTest.Trustee_Login_Test" name="VerifyLoginWithYourPhoneNumberDisplay" time="2.137"/>
  <testcase classname="Com.TrusteeModuleTest.Trustee_Login_Test" name="VerifyEmptyMobileNumberFields" time="2.175"/>
  <testcase classname="Com.TrusteeModuleTest.Trustee_Login_Test" name="VerifyLoginWithInvalidCredentials" time="6.279"/>
  <testcase classname="Com.TrusteeModuleTest.Trustee_Login_Test" name="testLogoDisplay" time="2.085"/>
  <testcase classname="Com.TrusteeModuleTest.Trustee_Login_Test" name="testButtonClickability" time="2.036"/>
  <testcase classname="Com.TrusteeModuleTest.Trustee_Login_Test" name="VerifyLoginWithValidateData" time="5.644"/>
</testsuite> <!-- Com.TrusteeModuleTest.Trustee_Login_Test -->
