<?xml version="1.0" encoding="UTF-8"?>
<!-- Generated by org.testng.reporters.JUnitReportReporter -->
<testsuite hostname="DESKTOP-SHIVASHANKAR" failures="0" tests="2" name="Com.NavBarModuleTest.BullionPageTest" time="15.576" errors="0" timestamp="2024-03-04T15:59:33 IST" skipped="0">
  <testcase classname="Com.NavBarModuleTest.BullionPageTest" name="BullionPageProductTest" time="5.380"/>
  <testcase classname="Com.NavBarModuleTest.BullionPageTest" name="BullionPageProductclickalble" time="10.196"/>
</testsuite> <!-- Com.NavBarModuleTest.BullionPageTest -->
