<?xml version="1.0" encoding="UTF-8"?>
<!-- Generated by org.testng.reporters.JUnitReportReporter -->
<testsuite hostname="DESKTOP-SHIVASHANKAR" failures="0" tests="4" name="TestNG.HelperAnnotion" time="0.014" errors="0" timestamp="2024-05-16T12:45:50 IST" skipped="1">
  <testcase classname="TestNG.HelperAnnotion" name="TestCase02" time="0.001"/>
  <testcase classname="TestNG.HelperAnnotion" name="TestCase01" time="0.011"/>
  <testcase classname="TestNG.HelperAnnotion" name="skip_Ignore_Test" time="0.001">
    <skipped/>
  </testcase> <!-- skip_Ignore_Test -->
  <testcase classname="TestNG.HelperAnnotion" name="TestCase03" time="0.001"/>
</testsuite> <!-- TestNG.HelperAnnotion -->
