<?xml version="1.0" encoding="UTF-8"?>
<!-- Generated by org.testng.reporters.JUnitReportReporter -->
<testsuite hostname="DESKTOP-SHIVASHANKAR" failures="0" tests="1" name="Com.HomePageTest.NavigationFlowContactUsTest" time="25.828" errors="0" timestamp="2024-06-06T11:48:21 IST" skipped="0">
  <testcase classname="Com.HomePageTest.NavigationFlowContactUsTest" name="ContactUspage" time="25.828"/>
</testsuite> <!-- Com.HomePageTest.NavigationFlowContactUsTest -->
