<?xml version="1.0" encoding="UTF-8"?>
<!-- Generated by org.testng.reporters.JUnitReportReporter -->
<testsuite hostname="DESKTOP-SHIVASHANKAR" failures="0" tests="1" name="Com.FilterModulePageTest.FilterPageTest" time="85.221" errors="0" timestamp="2024-04-05T10:45:20 IST" skipped="0">
  <testcase classname="Com.FilterModulePageTest.FilterPageTest" name="VerifyFilter" time="85.221"/>
</testsuite> <!-- Com.FilterModulePageTest.FilterPageTest -->
