<?xml version="1.0" encoding="UTF-8"?>
<!-- Generated by org.testng.reporters.JUnitReportReporter -->
<testsuite hostname="DESKTOP-SHIVASHANKAR" failures="0" tests="1" name="Com.HomePageTest.SearchFunctionalitypageTest" time="108.296" errors="0" timestamp="2024-04-26T14:19:20 IST" skipped="0">
  <testcase classname="Com.HomePageTest.SearchFunctionalitypageTest" name="validateSearchFucntionality" time="108.296"/>
</testsuite> <!-- Com.HomePageTest.SearchFunctionalitypageTest -->
