<?xml version="1.0" encoding="UTF-8"?>
<!-- Generated by org.testng.reporters.JUnitReportReporter -->
<testsuite hostname="DESKTOP-SHIVASHANKAR" failures="0" tests="4" name="Com.ValuerModuleTest.CommissionPageTest" time="10.340" errors="0" timestamp="2024-06-24T12:48:32 IST" skipped="0">
  <testcase classname="Com.ValuerModuleTest.CommissionPageTest" name="VerifyCommissionEarnedDsipaly" time="4.160"/>
  <testcase classname="Com.ValuerModuleTest.CommissionPageTest" name="Verifypreviousandnextbuttons" time="2.076"/>
  <testcase classname="Com.ValuerModuleTest.CommissionPageTest" name="AllTextDisplay" time="2.024"/>
  <testcase classname="Com.ValuerModuleTest.CommissionPageTest" name="NoProductDisplay" time="2.080"/>
</testsuite> <!-- Com.ValuerModuleTest.CommissionPageTest -->
