<?xml version="1.0" encoding="UTF-8"?>
<!-- Generated by org.testng.reporters.JUnitReportReporter -->
<testsuite hostname="DESKTOP-SHIVASHANKAR" failures="0" tests="5" name="Com.ValuerModuleTest.TicketStatusPageTest" time="12.411" errors="0" timestamp="2024-05-15T15:43:18 IST" skipped="0">
  <testcase classname="Com.ValuerModuleTest.TicketStatusPageTest" name="testNoDataFoundVisibility" time="4.172"/>
  <testcase classname="Com.ValuerModuleTest.TicketStatusPageTest" name="testTableTextVisibility" time="2.064"/>
  <testcase classname="Com.ValuerModuleTest.TicketStatusPageTest" name="testRaisedTicketsTextVisibility" time="2.068"/>
  <testcase classname="Com.ValuerModuleTest.TicketStatusPageTest" name="testPreviousAndNextVisibility" time="2.045"/>
  <testcase classname="Com.ValuerModuleTest.TicketStatusPageTest" name="testSearchButtonVisibility" time="2.062"/>
</testsuite> <!-- Com.ValuerModuleTest.TicketStatusPageTest -->
