<?xml version="1.0" encoding="UTF-8"?>
<!-- Generated by org.testng.reporters.JUnitReportReporter -->
<testsuite hostname="DESKTOP-SHIVASHANKAR" failures="0" tests="4" name="Com.TrusteeModuleTest.SellerStatus_SellerPayoutsPageTest" time="14.455" errors="0" timestamp="2024-06-24T18:14:56 IST" skipped="0">
  <testcase classname="Com.TrusteeModuleTest.SellerStatus_SellerPayoutsPageTest" name="VerifyCommissionEarnedDsipaly" time="8.246"/>
  <testcase classname="Com.TrusteeModuleTest.SellerStatus_SellerPayoutsPageTest" name="Verifypreviousandnextbuttons" time="2.065"/>
  <testcase classname="Com.TrusteeModuleTest.SellerStatus_SellerPayoutsPageTest" name="AllTextDisplay" time="2.069"/>
  <testcase classname="Com.TrusteeModuleTest.SellerStatus_SellerPayoutsPageTest" name="NoProductDisplay" time="2.075"/>
</testsuite> <!-- Com.TrusteeModuleTest.SellerStatus_SellerPayoutsPageTest -->
