<?xml version="1.0" encoding="UTF-8"?>
<!-- Generated by org.testng.reporters.JUnitReportReporter -->
<testsuite hostname="DESKTOP-SHIVASHANKAR" failures="0" tests="1" name="Base.launchbrowser" time="8.910" errors="0" timestamp="2024-02-17T14:12:39 IST" skipped="0">
  <testcase classname="Base.launchbrowser" name="setup" time="8.910"/>
</testsuite> <!-- Base.launchbrowser -->
