<?xml version="1.0" encoding="UTF-8"?>
<!-- Generated by org.testng.reporters.JUnitReportReporter -->
<testsuite hostname="DESKTOP-SHIVASHANKAR" failures="0" tests="1" name="Com.BaseModule.launchbrowser" time="2.601" errors="0" timestamp="2024-06-24T10:22:58 IST" skipped="0">
  <testcase classname="Com.BaseModule.launchbrowser" name="lauchbrowserss" time="2.601"/>
</testsuite> <!-- Com.BaseModule.launchbrowser -->
