<?xml version="1.0" encoding="UTF-8"?>
<!-- Generated by org.testng.reporters.JUnitReportReporter -->
<testsuite hostname="DESKTOP-SHIVASHANKAR" failures="0" tests="1" name="Com.HomePageTest.NavigationFlowHelpPageTest" time="9.604" errors="0" timestamp="2024-06-06T11:48:47 IST" skipped="0">
  <testcase classname="Com.HomePageTest.NavigationFlowHelpPageTest" name="Heplpage" time="9.604"/>
</testsuite> <!-- Com.HomePageTest.NavigationFlowHelpPageTest -->
