<?xml version="1.0" encoding="UTF-8"?>
<!-- Generated by org.testng.reporters.JUnitReportReporter -->
<testsuite hostname="DESKTOP-SHIVASHANKAR" failures="0" tests="1" name="Com.SellNowModuleTest.SellNowPageTest2" time="120.891" errors="0" timestamp="2024-06-10T16:54:59 IST" skipped="0">
  <testcase classname="Com.SellNowModuleTest.SellNowPageTest2" name="validatesellnowformfillfull" time="120.891"/>
</testsuite> <!-- Com.SellNowModuleTest.SellNowPageTest2 -->
