<?xml version="1.0" encoding="UTF-8"?>
<!-- Generated by org.testng.reporters.JUnitReportReporter -->
<testsuite hostname="DESKTOP-SHIVASHANKAR" failures="0" tests="5" name="Com.HomePageTest.HomePageTest" time="0.760" errors="0" timestamp="2024-06-06T11:53:25 IST" skipped="0">
  <testcase classname="Com.HomePageTest.HomePageTest" name="validateWebElementPresentinthepage" time="0.215"/>
  <testcase classname="Com.HomePageTest.HomePageTest" name="ValidateNavBarDisplay" time="0.261"/>
  <testcase classname="Com.HomePageTest.HomePageTest" name="validateSellNowButtonDetails" time="0.110"/>
  <testcase classname="Com.HomePageTest.HomePageTest" name="validateReset_buttonDeatils" time="0.087"/>
  <testcase classname="Com.HomePageTest.HomePageTest" name="validateNotification_buttonDeatils" time="0.087"/>
</testsuite> <!-- Com.HomePageTest.HomePageTest -->
