<?xml version="1.0" encoding="UTF-8"?>
<!-- Generated by org.testng.reporters.JUnitReportReporter -->
<testsuite hostname="DESKTOP-SHIVASHANKAR" failures="0" tests="1" name="Com.HomePageTest.SelectCityTest" time="166.666" errors="0" timestamp="2024-03-06T14:37:34 IST" skipped="0">
  <testcase classname="Com.HomePageTest.SelectCityTest" name="SelectCityVerify" time="166.666"/>
</testsuite> <!-- Com.HomePageTest.SelectCityTest -->
