<?xml version="1.0" encoding="UTF-8"?>
<!-- Generated by org.testng.reporters.JUnitReportReporter -->
<testsuite hostname="DESKTOP-SHIVASHANKAR" failures="0" tests="1" name="Com.Sprint2.test.BraceletsImgesPageTest" time="27.174" errors="0" timestamp="2024-03-06T12:47:48 IST" skipped="0">
  <testcase classname="Com.Sprint2.test.BraceletsImgesPageTest" name="VerifyBraceletsImgDetails" time="27.174"/>
</testsuite> <!-- Com.Sprint2.test.BraceletsImgesPageTest -->
