<?xml version="1.0" encoding="UTF-8"?>
<!-- Generated by org.testng.reporters.JUnitReportReporter -->
<testsuite hostname="DESKTOP-SHIVASHANKAR" failures="0" tests="4" name="Com.TrusteeModuleTest.SellerStatus_ApprovalPendingPageTest" time="14.602" errors="0" timestamp="2024-06-24T18:14:56 IST" skipped="0">
  <testcase classname="Com.TrusteeModuleTest.SellerStatus_ApprovalPendingPageTest" name="VerifyCommissionEarnedDsipaly" time="8.349"/>
  <testcase classname="Com.TrusteeModuleTest.SellerStatus_ApprovalPendingPageTest" name="Verifypreviousandnextbuttons" time="2.086"/>
  <testcase classname="Com.TrusteeModuleTest.SellerStatus_ApprovalPendingPageTest" name="AllTextDisplay" time="2.086"/>
  <testcase classname="Com.TrusteeModuleTest.SellerStatus_ApprovalPendingPageTest" name="NoProductDisplay" time="2.081"/>
</testsuite> <!-- Com.TrusteeModuleTest.SellerStatus_ApprovalPendingPageTest -->
