<?xml version="1.0" encoding="UTF-8"?>
<!-- Generated by org.testng.reporters.JUnitReportReporter -->
<testsuite hostname="DESKTOP-SHIVASHANKAR" failures="0" tests="1" name="Com.FilterModulePageTest.FilterPageTest" time="82.363" errors="0" timestamp="2024-03-06T13:09:35 IST" skipped="0">
  <testcase classname="Com.FilterModulePageTest.FilterPageTest" name="Filter" time="82.363"/>
</testsuite> <!-- Com.FilterModulePageTest.FilterPageTest -->
