<?xml version="1.0" encoding="UTF-8"?>
<!-- Generated by org.testng.reporters.JUnitReportReporter -->
<testsuite hostname="DESKTOP-SHIVASHANKAR" failures="0" tests="6" name="Com.ValuerModuleTest.Valuer_Login_PageTest" time="19.171" errors="0" timestamp="2024-05-15T15:43:18 IST" skipped="0">
  <testcase classname="Com.ValuerModuleTest.Valuer_Login_PageTest" name="VerifyLoginWithYourPhoneNumberDisplay" time="2.092"/>
  <testcase classname="Com.ValuerModuleTest.Valuer_Login_PageTest" name="VerifyEmptyMobileNumberFields" time="2.158"/>
  <testcase classname="Com.ValuerModuleTest.Valuer_Login_PageTest" name="VerifyLoginWithInvalidCredentials" time="6.386"/>
  <testcase classname="Com.ValuerModuleTest.Valuer_Login_PageTest" name="testLogoDisplay" time="2.063"/>
  <testcase classname="Com.ValuerModuleTest.Valuer_Login_PageTest" name="testButtonClickability" time="2.057"/>
  <testcase classname="Com.ValuerModuleTest.Valuer_Login_PageTest" name="VerifyLoginWithValidateData" time="4.415"/>
</testsuite> <!-- Com.ValuerModuleTest.Valuer_Login_PageTest -->
