<?xml version="1.0" encoding="UTF-8"?>
<!-- Generated by org.testng.reporters.JUnitReportReporter -->
<testsuite hostname="DESKTOP-SHIVASHANKAR" failures="0" tests="1" name="Com.PageNavigationTest.PageNavigationTest" time="107.626" errors="0" timestamp="2024-03-05T17:26:25 IST" skipped="0">
  <testcase classname="Com.PageNavigationTest.PageNavigationTest" name="AllPageNavigationTest" time="107.626"/>
</testsuite> <!-- Com.PageNavigationTest.PageNavigationTest -->
