<?xml version="1.0" encoding="UTF-8"?>
<!-- Generated by org.testng.reporters.JUnitReportReporter -->
<testsuite hostname="DESKTOP-SHIVASHANKAR" failures="0" tests="5" name="Com.HomePageTest.HomePageTest" time="1.368" errors="0" timestamp="2024-02-19T12:40:57 IST" skipped="0">
  <testcase classname="Com.HomePageTest.HomePageTest" name="validateWebElementPresentinthepage" time="0.636"/>
  <testcase classname="Com.HomePageTest.HomePageTest" name="ValidateNavBarDisplay" time="0.237"/>
  <testcase classname="Com.HomePageTest.HomePageTest" name="validateSellNowButtonDetails" time="0.319"/>
  <testcase classname="Com.HomePageTest.HomePageTest" name="validateReset_buttonDeatils" time="0.082"/>
  <testcase classname="Com.HomePageTest.HomePageTest" name="validateNotification_buttonDeatils" time="0.094"/>
</testsuite> <!-- Com.HomePageTest.HomePageTest -->
