<?xml version="1.0" encoding="UTF-8"?>
<!-- Generated by org.testng.reporters.JUnitReportReporter -->
<testsuite hostname="DESKTOP-SHIVASHANKAR" failures="0" tests="6" name="Com.ValuerModuleTest.RejectedProductsPageTest" time="14.540" errors="0" timestamp="2024-06-24T12:48:32 IST" skipped="0">
  <testcase classname="Com.ValuerModuleTest.RejectedProductsPageTest" name="testTableTextVisibility" time="4.160"/>
  <testcase classname="Com.ValuerModuleTest.RejectedProductsPageTest" name="testNoProductFoundVisibility" time="2.061"/>
  <testcase classname="Com.ValuerModuleTest.RejectedProductsPageTest" name="testPreviousAndNextVisibility" time="2.068"/>
  <testcase classname="Com.ValuerModuleTest.RejectedProductsPageTest" name="testTillNowRejectedProductsTextVisibility" time="2.036"/>
  <testcase classname="Com.ValuerModuleTest.RejectedProductsPageTest" name="testSerchButtonVisibility" time="2.068"/>
  <testcase classname="Com.ValuerModuleTest.RejectedProductsPageTest" name="testsearchButtonEnterData" time="2.147"/>
</testsuite> <!-- Com.ValuerModuleTest.RejectedProductsPageTest -->
