<?xml version="1.0" encoding="UTF-8"?>
<!-- Generated by org.testng.reporters.JUnitReportReporter -->
<testsuite hostname="DESKTOP-SHIVASHANKAR" failures="0" tests="1" name="LoginPageTestmodel.LoginPageNegative" time="4.172" errors="0" timestamp="2024-02-26T12:48:41 IST" skipped="0">
  <testcase classname="LoginPageTestmodel.LoginPageNegative" name="Invalidata" time="4.172"/>
</testsuite> <!-- LoginPageTestmodel.LoginPageNegative -->
