<?xml version="1.0" encoding="UTF-8"?>
<!-- Generated by org.testng.reporters.JUnitReportReporter -->
<testsuite hostname="DESKTOP-SHIVASHANKAR" failures="0" tests="4" name="Com.TrusteeModuleTest.BuyerStatus_PendingPickupAndDepositPageTest" time="20.223" errors="0" timestamp="2024-05-30T17:34:27 IST" skipped="0">
  <testcase classname="Com.TrusteeModuleTest.BuyerStatus_PendingPickupAndDepositPageTest" name="VerifyCommissionEarnedDsipaly" time="13.974"/>
  <testcase classname="Com.TrusteeModuleTest.BuyerStatus_PendingPickupAndDepositPageTest" name="Verifypreviousandnextbuttons" time="2.094"/>
  <testcase classname="Com.TrusteeModuleTest.BuyerStatus_PendingPickupAndDepositPageTest" name="AllTextDisplay" time="2.073"/>
  <testcase classname="Com.TrusteeModuleTest.BuyerStatus_PendingPickupAndDepositPageTest" name="NoProductDisplay" time="2.082"/>
</testsuite> <!-- Com.TrusteeModuleTest.BuyerStatus_PendingPickupAndDepositPageTest -->
