<?xml version="1.0" encoding="UTF-8"?>
<!-- Generated by org.testng.reporters.JUnitReportReporter -->
<testsuite hostname="DESKTOP-SHIVASHANKAR" failures="0" tests="1" name="Com.LoginPageTest.LoginPageTest" time="31.438" errors="0" timestamp="2024-04-05T10:43:30 IST" skipped="0">
  <testcase classname="Com.LoginPageTest.LoginPageTest" name="validatalogout" time="31.438"/>
</testsuite> <!-- Com.LoginPageTest.LoginPageTest -->
