<?xml version="1.0" encoding="UTF-8"?>
<!-- Generated by org.testng.reporters.JUnitReportReporter -->
<testsuite hostname="DESKTOP-SHIVASHANKAR" failures="0" tests="1" name="Com.Sprint2.test.RingImgPageTest" time="25.197" errors="0" timestamp="2024-03-06T11:57:01 IST" skipped="0">
  <testcase classname="Com.Sprint2.test.RingImgPageTest" name="VerifyRingImgDetails" time="25.197"/>
</testsuite> <!-- Com.Sprint2.test.RingImgPageTest -->
