<?xml version="1.0" encoding="UTF-8"?>
<!-- Generated by org.testng.reporters.JUnitReportReporter -->
<testsuite hostname="DESKTOP-SHIVASHANKAR" failures="0" tests="5" name="Com.HomePageTest.HomePageTest" time="0.589" errors="0" timestamp="2024-02-26T12:53:28 IST" skipped="0">
  <testcase classname="Com.HomePageTest.HomePageTest" name="validateWebElementPresentinthepage" time="0.125"/>
  <testcase classname="Com.HomePageTest.HomePageTest" name="ValidateNavBarDisplay" time="0.240"/>
  <testcase classname="Com.HomePageTest.HomePageTest" name="validateSellNowButtonDetails" time="0.081"/>
  <testcase classname="Com.HomePageTest.HomePageTest" name="validateReset_buttonDeatils" time="0.072"/>
  <testcase classname="Com.HomePageTest.HomePageTest" name="validateNotification_buttonDeatils" time="0.071"/>
</testsuite> <!-- Com.HomePageTest.HomePageTest -->
