<?xml version="1.0" encoding="UTF-8"?>
<!-- Generated by org.testng.reporters.JUnitReportReporter -->
<testsuite hostname="DESKTOP-SHIVASHANKAR" failures="0" tests="4" name="Com.TrusteeModuleTest.BuyerStatus_PendingPickupAndDepositPageTest" time="14.543" errors="0" timestamp="2024-06-24T18:14:56 IST" skipped="0">
  <testcase classname="Com.TrusteeModuleTest.BuyerStatus_PendingPickupAndDepositPageTest" name="VerifyCommissionEarnedDsipaly" time="8.324"/>
  <testcase classname="Com.TrusteeModuleTest.BuyerStatus_PendingPickupAndDepositPageTest" name="Verifypreviousandnextbuttons" time="2.076"/>
  <testcase classname="Com.TrusteeModuleTest.BuyerStatus_PendingPickupAndDepositPageTest" name="AllTextDisplay" time="2.078"/>
  <testcase classname="Com.TrusteeModuleTest.BuyerStatus_PendingPickupAndDepositPageTest" name="NoProductDisplay" time="2.065"/>
</testsuite> <!-- Com.TrusteeModuleTest.BuyerStatus_PendingPickupAndDepositPageTest -->
