<?xml version="1.0" encoding="UTF-8"?>
<!-- Generated by org.testng.reporters.JUnitReportReporter -->
<testsuite hostname="DESKTOP-SHIVASHANKAR" failures="0" tests="5" name="Com.ValuerModuleTest.TicketStatusPageTest" time="12.474" errors="0" timestamp="2024-06-24T12:48:32 IST" skipped="0">
  <testcase classname="Com.ValuerModuleTest.TicketStatusPageTest" name="testNoDataFoundVisibility" time="4.227"/>
  <testcase classname="Com.ValuerModuleTest.TicketStatusPageTest" name="testTableTextVisibility" time="2.078"/>
  <testcase classname="Com.ValuerModuleTest.TicketStatusPageTest" name="testRaisedTicketsTextVisibility" time="2.062"/>
  <testcase classname="Com.ValuerModuleTest.TicketStatusPageTest" name="testPreviousAndNextVisibility" time="2.051"/>
  <testcase classname="Com.ValuerModuleTest.TicketStatusPageTest" name="testSearchButtonVisibility" time="2.056"/>
</testsuite> <!-- Com.ValuerModuleTest.TicketStatusPageTest -->
