<?xml version="1.0" encoding="UTF-8"?>
<!-- Generated by org.testng.reporters.JUnitReportReporter -->
<testsuite hostname="DESKTOP-SHIVASHANKAR" failures="0" tests="2" name="com.HomePage.CrossBrowserPage" time="20.558" errors="0" timestamp="2024-03-06T14:23:21 IST" skipped="0">
  <testcase classname="com.HomePage.CrossBrowserPage" name="testApplication" time="7.672"/>
  <testcase classname="com.HomePage.CrossBrowserPage" name="testApplication" time="12.886"/>
</testsuite> <!-- com.HomePage.CrossBrowserPage -->
