<?xml version="1.0" encoding="UTF-8"?>
<!-- Generated by org.testng.reporters.JUnitReportReporter -->
<testsuite hostname="DESKTOP-SHIVASHANKAR" failures="0" tests="6" name="Com.ValuerModuleTest.AcceptedproductsPageTest" time="10.429" errors="0" timestamp="2024-05-15T15:43:18 IST" skipped="1">
  <testcase classname="Com.ValuerModuleTest.AcceptedproductsPageTest" name="VerifyTillNowAcceptedProdustsTextDisplay" time="3.168"/>
  <testcase classname="Com.ValuerModuleTest.AcceptedproductsPageTest" name="Verifyproductsaredisplayedinthepending" time="0.019"/>
  <testcase classname="Com.ValuerModuleTest.AcceptedproductsPageTest" name="Verifypreviousandnextbuttonsaredisplayed" time="2.070"/>
  <testcase classname="Com.ValuerModuleTest.AcceptedproductsPageTest" name="Verifysearchbuttonisdisplayed" time="3.068"/>
  <testcase classname="Com.ValuerModuleTest.AcceptedproductsPageTest" name="verifyTableTextDsiplay" time="2.104"/>
  <testcase classname="Com.ValuerModuleTest.AcceptedproductsPageTest" name="Verifysearchbuttonworkscorrectlyandfiltersproducts">
    <skipped/>
  </testcase> <!-- Verifysearchbuttonworkscorrectlyandfiltersproducts -->
</testsuite> <!-- Com.ValuerModuleTest.AcceptedproductsPageTest -->
