<?xml version="1.0" encoding="UTF-8"?>
<!-- Generated by org.testng.reporters.JUnitReportReporter -->
<testsuite hostname="DESKTOP-SHIVASHANKAR" failures="0" tests="1" name="Com.HomePageTest.SearchFunctionalitypageTest" time="57.620" errors="0" timestamp="2024-02-19T12:40:57 IST" skipped="0">
  <testcase classname="Com.HomePageTest.SearchFunctionalitypageTest" name="validateSearchFucntionality" time="57.620"/>
</testsuite> <!-- Com.HomePageTest.SearchFunctionalitypageTest -->
