<?xml version="1.0" encoding="UTF-8"?>
<!-- Generated by org.testng.reporters.JUnitReportReporter -->
<testsuite hostname="DESKTOP-SHIVASHANKAR" failures="0" tests="1" name="LoginPageTestmodel.LoginPageTest" time="31.283" errors="0" timestamp="2024-02-29T17:31:03 IST" skipped="0">
  <testcase classname="LoginPageTestmodel.LoginPageTest" name="validatalogout" time="31.283"/>
</testsuite> <!-- LoginPageTestmodel.LoginPageTest -->
