<?xml version="1.0" encoding="UTF-8"?>
<!-- Generated by org.testng.reporters.JUnitReportReporter -->
<testsuite hostname="DESKTOP-SHIVASHANKAR" failures="0" tests="4" name="Com.ValuerModuleTest.PendingProductsPageTest" time="10.359" errors="0" timestamp="2024-05-10T17:14:00 IST" skipped="0">
  <testcase classname="Com.ValuerModuleTest.PendingProductsPageTest" name="testWaitingForApprovalVisibility" time="4.168"/>
  <testcase classname="Com.ValuerModuleTest.PendingProductsPageTest" name="testTableTextVisibility" time="2.058"/>
  <testcase classname="Com.ValuerModuleTest.PendingProductsPageTest" name="testPreviousAndNextVisibility" time="2.065"/>
  <testcase classname="Com.ValuerModuleTest.PendingProductsPageTest" name="testNoProductFoundVisibility" time="2.068"/>
</testsuite> <!-- Com.ValuerModuleTest.PendingProductsPageTest -->
