<?xml version="1.0" encoding="UTF-8"?>
<!-- Generated by org.testng.reporters.JUnitReportReporter -->
<testsuite hostname="DESKTOP-SHIVASHANKAR" failures="0" tests="1" name="Com.TrusteeModuleTest.Trustee_Login_Test" time="6.922" errors="0" timestamp="2024-04-19T11:16:10 IST" skipped="0">
  <testcase classname="Com.TrusteeModuleTest.Trustee_Login_Test" name="VerifyLoginWithValidateData" time="6.922"/>
</testsuite> <!-- Com.TrusteeModuleTest.Trustee_Login_Test -->
