<?xml version="1.0" encoding="UTF-8"?>
<!-- Generated by org.testng.reporters.JUnitReportReporter -->
<testsuite hostname="DESKTOP-SHIVASHANKAR" failures="0" tests="6" name="Com.TrusteeModuleTest.Trustee_Login_Test" time="20.578" errors="0" timestamp="2024-06-24T12:46:54 IST" skipped="0">
  <testcase classname="Com.TrusteeModuleTest.Trustee_Login_Test" name="VerifyLoginWithYourPhoneNumberDisplay" time="2.322"/>
  <testcase classname="Com.TrusteeModuleTest.Trustee_Login_Test" name="VerifyEmptyMobileNumberFields" time="2.147"/>
  <testcase classname="Com.TrusteeModuleTest.Trustee_Login_Test" name="VerifyLoginWithInvalidCredentials" time="6.413"/>
  <testcase classname="Com.TrusteeModuleTest.Trustee_Login_Test" name="testLogoDisplay" time="2.034"/>
  <testcase classname="Com.TrusteeModuleTest.Trustee_Login_Test" name="testButtonClickability" time="2.031"/>
  <testcase classname="Com.TrusteeModuleTest.Trustee_Login_Test" name="VerifyLoginWithValidateData" time="5.631"/>
</testsuite> <!-- Com.TrusteeModuleTest.Trustee_Login_Test -->
