<?xml version="1.0" encoding="UTF-8"?>
<!-- Generated by org.testng.reporters.JUnitReportReporter -->
<testsuite hostname="DESKTOP-SHIVASHANKAR" failures="0" tests="5" name="Com.TrusteeModuleTest.RaiseTicketPageTest" time="19.390" errors="0" timestamp="2024-05-20T14:13:42 IST" skipped="0">
  <testcase classname="Com.TrusteeModuleTest.RaiseTicketPageTest" name="SubmitbuttonDisplay" time="8.162"/>
  <testcase classname="Com.TrusteeModuleTest.RaiseTicketPageTest" name="ReportanIssueDisplay" time="2.265"/>
  <testcase classname="Com.TrusteeModuleTest.RaiseTicketPageTest" name="TextBoxDisplay" time="2.146"/>
  <testcase classname="Com.TrusteeModuleTest.RaiseTicketPageTest" name="VerifyLessThen30CharErrormsgdisplay" time="4.506"/>
  <testcase classname="Com.TrusteeModuleTest.RaiseTicketPageTest" name="submitbuttonenabled30char" time="2.311"/>
</testsuite> <!-- Com.TrusteeModuleTest.RaiseTicketPageTest -->
