<?xml version="1.0" encoding="UTF-8"?>
<!-- Generated by org.testng.reporters.JUnitReportReporter -->
<testsuite hostname="DESKTOP-SHIVASHANKAR" failures="0" tests="1" name="SellNowModule.SellNowPageTest2" time="96.825" errors="0" timestamp="2024-02-26T12:16:20 IST" skipped="0">
  <testcase classname="SellNowModule.SellNowPageTest2" name="validatesellnowformfillfull" time="96.825"/>
</testsuite> <!-- SellNowModule.SellNowPageTest2 -->
