<?xml version="1.0" encoding="UTF-8"?>
<!-- Generated by org.testng.reporters.JUnitReportReporter -->
<testsuite hostname="DESKTOP-SHIVASHANKAR" failures="0" tests="4" name="Com.TrusteeModuleTest.SellerStatus_ApprovalPendingPageTest" time="20.089" errors="0" timestamp="2024-05-30T12:52:35 IST" skipped="0">
  <testcase classname="Com.TrusteeModuleTest.SellerStatus_ApprovalPendingPageTest" name="VerifyCommissionEarnedDsipaly" time="13.902"/>
  <testcase classname="Com.TrusteeModuleTest.SellerStatus_ApprovalPendingPageTest" name="Verifypreviousandnextbuttons" time="2.060"/>
  <testcase classname="Com.TrusteeModuleTest.SellerStatus_ApprovalPendingPageTest" name="AllTextDisplay" time="2.062"/>
  <testcase classname="Com.TrusteeModuleTest.SellerStatus_ApprovalPendingPageTest" name="NoProductDisplay" time="2.065"/>
</testsuite> <!-- Com.TrusteeModuleTest.SellerStatus_ApprovalPendingPageTest -->
