<?xml version="1.0" encoding="UTF-8"?>
<!-- Generated by org.testng.reporters.JUnitReportReporter -->
<testsuite hostname="DESKTOP-SHIVASHANKAR" failures="0" tests="3" name="TestNG.NewTest" time="0.008" errors="0" timestamp="2024-05-16T11:12:56 IST" skipped="0">
  <testcase classname="TestNG.NewTest" name="fristmethod" time="0.006"/>
  <testcase classname="TestNG.NewTest" name="Test2Method" time="0.001"/>
  <testcase classname="TestNG.NewTest" name="Test5Method" time="0.001"/>
</testsuite> <!-- TestNG.NewTest -->
