<?xml version="1.0" encoding="UTF-8"?>
<!-- Generated by org.testng.reporters.JUnitReportReporter -->
<testsuite hostname="DESKTOP-SHIVASHANKAR" failures="0" tests="6" name="Com.TrusteeModuleTest.Trustee_Login_Test" time="21.322" errors="0" timestamp="2024-05-10T17:14:00 IST" skipped="0">
  <testcase classname="Com.TrusteeModuleTest.Trustee_Login_Test" name="VerifyLoginWithYourPhoneNumberDisplay" time="2.130"/>
  <testcase classname="Com.TrusteeModuleTest.Trustee_Login_Test" name="VerifyEmptyMobileNumberFields" time="2.154"/>
  <testcase classname="Com.TrusteeModuleTest.Trustee_Login_Test" name="VerifyLoginWithInvalidCredentials" time="6.295"/>
  <testcase classname="Com.TrusteeModuleTest.Trustee_Login_Test" name="testLogoDisplay" time="2.045"/>
  <testcase classname="Com.TrusteeModuleTest.Trustee_Login_Test" name="testButtonClickability" time="2.081"/>
  <testcase classname="Com.TrusteeModuleTest.Trustee_Login_Test" name="VerifyLoginWithValidateData" time="6.617"/>
</testsuite> <!-- Com.TrusteeModuleTest.Trustee_Login_Test -->
