<?xml version="1.0" encoding="UTF-8"?>
<!-- Generated by org.testng.reporters.JUnitReportReporter -->
<testsuite hostname="DESKTOP-SHIVASHANKAR" failures="0" tests="1" name="Com.HomePageTest.LinkValidationTest" time="2.567" errors="0" timestamp="2024-04-26T14:16:53 IST" skipped="0">
  <testcase classname="Com.HomePageTest.LinkValidationTest" name="links" time="2.567"/>
</testsuite> <!-- Com.HomePageTest.LinkValidationTest -->
