<?xml version="1.0" encoding="UTF-8"?>
<!-- Generated by org.testng.reporters.JUnitReportReporter -->
<testsuite hostname="DESKTOP-SHIVASHANKAR" failures="0" tests="1" name="Com.Sprint2.test.BanglesImgPageTest" time="25.271" errors="0" timestamp="2024-03-06T12:58:24 IST" skipped="0">
  <testcase classname="Com.Sprint2.test.BanglesImgPageTest" name="Banglesimage" time="25.271"/>
</testsuite> <!-- Com.Sprint2.test.BanglesImgPageTest -->
