<?xml version="1.0" encoding="UTF-8"?>
<!-- Generated by org.testng.reporters.JUnitReportReporter -->
<testsuite hostname="DESKTOP-SHIVASHANKAR" failures="0" tests="4" name="Com.TrusteeModuleTest.CommissionPageTest" time="10.420" errors="0" timestamp="2024-06-24T18:14:56 IST" skipped="0">
  <testcase classname="Com.TrusteeModuleTest.CommissionPageTest" name="VerifyCommissionEarnedDsipaly" time="4.209"/>
  <testcase classname="Com.TrusteeModuleTest.CommissionPageTest" name="Verifypreviousandnextbuttons" time="2.058"/>
  <testcase classname="Com.TrusteeModuleTest.CommissionPageTest" name="AllTextDisplay" time="2.072"/>
  <testcase classname="Com.TrusteeModuleTest.CommissionPageTest" name="NoProductDisplay" time="2.081"/>
</testsuite> <!-- Com.TrusteeModuleTest.CommissionPageTest -->
