<?xml version="1.0" encoding="UTF-8"?>
<!-- Generated by org.testng.reporters.JUnitReportReporter -->
<testsuite hostname="DESKTOP-SHIVASHANKAR" failures="0" tests="1" name="Com.HomePageTest.NavigationFlowAboutPageTest" time="16.264" errors="0" timestamp="2024-06-26T15:04:14 IST" skipped="0">
  <testcase classname="Com.HomePageTest.NavigationFlowAboutPageTest" name="aboutpage" time="16.264"/>
</testsuite> <!-- Com.HomePageTest.NavigationFlowAboutPageTest -->
