<?xml version="1.0" encoding="UTF-8"?>
<!-- Generated by org.testng.reporters.JUnitReportReporter -->
<testsuite hostname="DESKTOP-SHIVASHANKAR" failures="0" tests="1" name="Com.HomePageTest.NavigationFlowLegalPrivacyinformation" time="8.144" errors="0" timestamp="2024-06-06T11:49:04 IST" skipped="0">
  <testcase classname="Com.HomePageTest.NavigationFlowLegalPrivacyinformation" name="Heplpage" time="8.144"/>
</testsuite> <!-- Com.HomePageTest.NavigationFlowLegalPrivacyinformation -->
