<?xml version="1.0" encoding="UTF-8"?>
<!-- Generated by org.testng.reporters.JUnitReportReporter -->
<testsuite hostname="DESKTOP-SHIVASHANKAR" failures="0" tests="5" name="Com.TrusteeModuleTest.RaiseTicketPageTest" time="13.417" errors="0" timestamp="2024-06-24T18:14:56 IST" skipped="0">
  <testcase classname="Com.TrusteeModuleTest.RaiseTicketPageTest" name="SubmitbuttonDisplay" time="2.407"/>
  <testcase classname="Com.TrusteeModuleTest.RaiseTicketPageTest" name="ReportanIssueDisplay" time="2.217"/>
  <testcase classname="Com.TrusteeModuleTest.RaiseTicketPageTest" name="TextBoxDisplay" time="2.201"/>
  <testcase classname="Com.TrusteeModuleTest.RaiseTicketPageTest" name="VerifyLessThen30CharErrormsgdisplay" time="4.308"/>
  <testcase classname="Com.TrusteeModuleTest.RaiseTicketPageTest" name="submitbuttonenabled30char" time="2.284"/>
</testsuite> <!-- Com.TrusteeModuleTest.RaiseTicketPageTest -->
