<?xml version="1.0" encoding="UTF-8"?>
<!-- Generated by org.testng.reporters.JUnitReportReporter -->
<testsuite hostname="DESKTOP-SHIVASHANKAR" failures="0" tests="6" name="Com.ValuerModuleTest.Valuer_Login_PageTest" time="19.038" errors="0" timestamp="2024-05-10T17:14:00 IST" skipped="0">
  <testcase classname="Com.ValuerModuleTest.Valuer_Login_PageTest" name="VerifyLoginWithYourPhoneNumberDisplay" time="2.080"/>
  <testcase classname="Com.ValuerModuleTest.Valuer_Login_PageTest" name="VerifyEmptyMobileNumberFields" time="2.109"/>
  <testcase classname="Com.ValuerModuleTest.Valuer_Login_PageTest" name="VerifyLoginWithInvalidCredentials" time="6.333"/>
  <testcase classname="Com.ValuerModuleTest.Valuer_Login_PageTest" name="testLogoDisplay" time="2.058"/>
  <testcase classname="Com.ValuerModuleTest.Valuer_Login_PageTest" name="testButtonClickability" time="2.052"/>
  <testcase classname="Com.ValuerModuleTest.Valuer_Login_PageTest" name="VerifyLoginWithValidateData" time="4.406"/>
</testsuite> <!-- Com.ValuerModuleTest.Valuer_Login_PageTest -->
