<?xml version="1.0" encoding="UTF-8"?>
<!-- Generated by org.testng.reporters.JUnitReportReporter -->
<testsuite hostname="DESKTOP-SHIVASHANKAR" failures="0" tests="19" name="Com.ValuerModuleTest.DashBoardPageTest" time="46.249" errors="0" timestamp="2024-05-15T15:43:18 IST" skipped="0">
  <testcase classname="Com.ValuerModuleTest.DashBoardPageTest" name="VerifylogoDisplay" time="1.079"/>
  <testcase classname="Com.ValuerModuleTest.DashBoardPageTest" name="VerifyLogoutButtonDisplay" time="4.408"/>
  <testcase classname="Com.ValuerModuleTest.DashBoardPageTest" name="VerifyLivepriceDisplay" time="3.739"/>
  <testcase classname="Com.ValuerModuleTest.DashBoardPageTest" name="VerifyDashBoardTextDisplay" time="2.228"/>
  <testcase classname="Com.ValuerModuleTest.DashBoardPageTest" name="VerifyDashboardProductDisplay" time="2.225"/>
  <testcase classname="Com.ValuerModuleTest.DashBoardPageTest" name="VerifyPendingProductDisplay" time="2.244"/>
  <testcase classname="Com.ValuerModuleTest.DashBoardPageTest" name="VerifyacceptedProductDisplay" time="2.164"/>
  <testcase classname="Com.ValuerModuleTest.DashBoardPageTest" name="VerifyrejectedProductDisplay" time="2.215"/>
  <testcase classname="Com.ValuerModuleTest.DashBoardPageTest" name="VerifycommissionDisplay" time="2.180"/>
  <testcase classname="Com.ValuerModuleTest.DashBoardPageTest" name="VerifyTicketStatusDisplay" time="2.211"/>
  <testcase classname="Com.ValuerModuleTest.DashBoardPageTest" name="VerifyRaiseTicketDisplay" time="2.217"/>
  <testcase classname="Com.ValuerModuleTest.DashBoardPageTest" name="verifyDashboardProductClickable" time="2.196"/>
  <testcase classname="Com.ValuerModuleTest.DashBoardPageTest" name="verifyPendingProductClickable" time="2.143"/>
  <testcase classname="Com.ValuerModuleTest.DashBoardPageTest" name="verifyAcceptedProductsClickable" time="2.136"/>
  <testcase classname="Com.ValuerModuleTest.DashBoardPageTest" name="verifyRejectedProductClickable" time="2.209"/>
  <testcase classname="Com.ValuerModuleTest.DashBoardPageTest" name="verifyRaiseTicketClickable" time="2.095"/>
  <testcase classname="Com.ValuerModuleTest.DashBoardPageTest" name="verifyTicketStatusClickable" time="2.192"/>
  <testcase classname="Com.ValuerModuleTest.DashBoardPageTest" name="verifyCommissionClickable" time="2.149"/>
  <testcase classname="Com.ValuerModuleTest.DashBoardPageTest" name="verifySideMenuButtonclickable" time="4.219"/>
</testsuite> <!-- Com.ValuerModuleTest.DashBoardPageTest -->
